<?xml version="1.0" encoding="UTF-8"?>
<!-- Generated by org.testng.reporters.JUnitXMLReporter -->
<testsuite ignored="4" hostname="DESKTOP-KRS7JII" failures="2" tests="3" name="Test" time="50.764" errors="0" timestamp="2022-10-26T08:20:22 IST">
  <testcase classname="com.crm.Product.CreateCampaignTest" name="CreateCampaign" time="12.208"/>
  <testcase classname="com.crm.Product.CreateProductTest" name="CreateProduct" time="13.487">
    <failure type="java.lang.AssertionError" message="null">
      <![CDATA[java.lang.AssertionError: null
at com.crm.Product.CreateProductTest.CreateProduct(CreateProductTest.java:72)
at java.base/java.util.ArrayList.forEach(ArrayList.java:1511)
... Removed 29 stack frames]]>
    </failure>
  </testcase> <!-- CreateProduct -->
  <testcase classname="com.crm.Product.CreateProductTest" name="CreateProduct" time="21.6">
    <failure type="java.lang.IllegalArgumentException" message="ScreenCapture path must not be null or empty">
      <![CDATA[java.lang.IllegalArgumentException: ScreenCapture path must not be null or empty
at com.aventstack.extentreports.util.Assert.notEmpty(Assert.java:12)
at com.aventstack.extentreports.ExtentTest.addScreenCaptureFromPath(ExtentTest.java:1074)
at com.aventstack.extentreports.ExtentTest.addScreenCaptureFromPath(ExtentTest.java:1082)
at com.crm.Genric_Utility.ItestListenerImplementation.onTestFailure(ItestListenerImplementation.java:57)
at java.base/java.util.ArrayList.forEach(ArrayList.java:1511)
... Removed 24 stack frames]]>
    </failure>
  </testcase> <!-- CreateProduct -->
  <testcase classname="com.crm.Genric_Utility.BaseClass" name="@AfterSuite AfterSuite" time="0.0">
    <ignored/>
  </testcase> <!-- @AfterSuite AfterSuite -->
  <testcase classname="com.crm.Genric_Utility.BaseClass" name="@BeforeSuite BeforeSuit" time="0.0">
    <ignored/>
  </testcase> <!-- @BeforeSuite BeforeSuit -->
  <testcase classname="com.crm.Genric_Utility.BaseClass" name="@BeforeTest BeforeTest" time="0.0">
    <ignored/>
  </testcase> <!-- @BeforeTest BeforeTest -->
  <testcase classname="com.crm.Genric_Utility.BaseClass" name="@AfterTest AfterTest" time="0.0">
    <ignored/>
  </testcase> <!-- @AfterTest AfterTest -->
</testsuite> <!-- Test -->
