<?xml version="1.0" encoding="UTF-8"?>
<testng-results ignored="0" total="1" passed="1" failed="0" skipped="0">
  <reporter-output>
  </reporter-output>
  <suite started-at="2022-10-16T22:28:20 IST" name="Default suite" finished-at="2022-10-16T22:29:09 IST" duration-ms="49400">
    <groups>
      <group name="SmockTest">
        <method signature="CreateCampignWithProductTest.CreateCampaignAndproduct()[pri:0, instance:com.crm.Product.CreateCampignWithProductTest@18d87d80]" name="CreateCampaignAndproduct" class="com.crm.Product.CreateCampignWithProductTest"/>
      </group> <!-- SmockTest -->
      <group name="RegrassionTest">
        <method signature="CreateCampignWithProductTest.CreateCampaignAndproduct()[pri:0, instance:com.crm.Product.CreateCampignWithProductTest@18d87d80]" name="CreateCampaignAndproduct" class="com.crm.Product.CreateCampignWithProductTest"/>
      </group> <!-- RegrassionTest -->
    </groups>
    <test started-at="2022-10-16T22:28:20 IST" name="Default test" finished-at="2022-10-16T22:29:09 IST" duration-ms="49400">
      <class name="com.crm.Product.CreateCampignWithProductTest">
        <test-method is-config="true" signature="BeforeSuit()[pri:0, instance:com.crm.Product.CreateCampignWithProductTest@18d87d80]" started-at="2022-10-16T22:28:20 IST" name="BeforeSuit" finished-at="2022-10-16T22:28:20 IST" duration-ms="19" status="PASS">
          <reporter-output>
          </reporter-output>
        </test-method> <!-- BeforeSuit -->
        <test-method is-config="true" signature="BeforeTest()[pri:0, instance:com.crm.Product.CreateCampignWithProductTest@18d87d80]" started-at="2022-10-16T22:28:20 IST" name="BeforeTest" finished-at="2022-10-16T22:28:20 IST" duration-ms="1" status="PASS">
          <reporter-output>
          </reporter-output>
        </test-method> <!-- BeforeTest -->
        <test-method is-config="true" signature="BeforeClass()[pri:0, instance:com.crm.Product.CreateCampignWithProductTest@18d87d80]" started-at="2022-10-16T22:28:20 IST" name="BeforeClass" finished-at="2022-10-16T22:28:24 IST" duration-ms="4529" status="PASS">
          <reporter-output>
          </reporter-output>
        </test-method> <!-- BeforeClass -->
        <test-method is-config="true" signature="BeforeMethod()[pri:0, instance:com.crm.Product.CreateCampignWithProductTest@18d87d80]" started-at="2022-10-16T22:28:24 IST" name="BeforeMethod" finished-at="2022-10-16T22:28:33 IST" duration-ms="9025" status="PASS">
          <reporter-output>
          </reporter-output>
        </test-method> <!-- BeforeMethod -->
        <test-method signature="CreateCampaignAndproduct()[pri:0, instance:com.crm.Product.CreateCampignWithProductTest@18d87d80]" started-at="2022-10-16T22:28:33 IST" name="CreateCampaignAndproduct" finished-at="2022-10-16T22:29:07 IST" duration-ms="33436" status="PASS">
          <reporter-output>
          </reporter-output>
        </test-method> <!-- CreateCampaignAndproduct -->
        <test-method is-config="true" signature="afterMethod()[pri:0, instance:com.crm.Product.CreateCampignWithProductTest@18d87d80]" started-at="2022-10-16T22:29:07 IST" name="afterMethod" finished-at="2022-10-16T22:29:09 IST" duration-ms="2233" status="PASS">
          <reporter-output>
          </reporter-output>
        </test-method> <!-- afterMethod -->
        <test-method is-config="true" signature="AfterClass()[pri:0, instance:com.crm.Product.CreateCampignWithProductTest@18d87d80]" started-at="2022-10-16T22:29:09 IST" name="AfterClass" finished-at="2022-10-16T22:29:09 IST" duration-ms="93" status="PASS">
          <reporter-output>
          </reporter-output>
        </test-method> <!-- AfterClass -->
        <test-method is-config="true" signature="AfterTest()[pri:0, instance:com.crm.Product.CreateCampignWithProductTest@18d87d80]" started-at="2022-10-16T22:29:09 IST" name="AfterTest" finished-at="2022-10-16T22:29:09 IST" duration-ms="0" status="PASS">
          <reporter-output>
          </reporter-output>
        </test-method> <!-- AfterTest -->
        <test-method is-config="true" signature="AfterSuite()[pri:0, instance:com.crm.Product.CreateCampignWithProductTest@18d87d80]" started-at="2022-10-16T22:29:09 IST" name="AfterSuite" finished-at="2022-10-16T22:29:09 IST" duration-ms="6" status="PASS">
          <reporter-output>
          </reporter-output>
        </test-method> <!-- AfterSuite -->
      </class> <!-- com.crm.Product.CreateCampignWithProductTest -->
    </test> <!-- Default test -->
  </suite> <!-- Default suite -->
</testng-results>
